app/build/outputs/logs/manifest-merger-debug-report.txt
-- Merging decision tree log ---
manifest
ADDED from src/main/AndroidManifest.xml:2:1-294:12
	package
		ADDED from src/main/AndroidManifest.xml:3:5-35
		INJECTED from src/main/AndroidManifest.xml
		INJECTED from src/main/AndroidManifest.xml
	android:versionName
		INJECTED from src/main/AndroidManifest.xml
		INJECTED from src/main/AndroidManifest.xml
	xmlns:android
		ADDED from src/main/AndroidManifest.xml:2:11-69
	android:versionCode
		INJECTED from src/main/AndroidManifest.xml
		INJECTED from src/main/AndroidManifest.xml
supports-screens
ADDED from src/main/AndroidManifest.xml:5:5-53
	android:largeScreens
		ADDED from src/main/AndroidManifest.xml:5:23-50
uses-permission#android.permission.INSTALL_PACKAGE
ADDED from src/main/AndroidManifest.xml:8:5-74
	android:name
		ADDED from src/main/AndroidManifest.xml:8:22-71
uses-permission#android.permission.INTERNET
ADDED from src/main/AndroidManifest.xml:10:5-67
	android:name
		ADDED from src/main/AndroidManifest.xml:10:22-64
uses-permission#android.permission.READ_PHONE_STATE
ADDED from src/main/AndroidManifest.xml:11:5-75
	android:name
		ADDED from src/main/AndroidManifest.xml:11:22-72
uses-permission#android.permission.GET_ACCOUNTS
ADDED from src/main/AndroidManifest.xml:12:5-71
	android:name
		ADDED from src/main/AndroidManifest.xml:12:22-68
uses-permission#android.permission.ACCESS_FINE_LOCATION
ADDED from src/main/AndroidManifest.xml:13:5-79
	android:name
		ADDED from src/main/AndroidManifest.xml:13:22-76
uses-permission#android.permission.ACCESS_COARSE_LOCATION
ADDED from src/main/AndroidManifest.xml:14:5-81
	android:name
		ADDED from src/main/AndroidManifest.xml:14:22-78
uses-permission#android.permission.ACCESS_NETWORK_STATE
ADDED from src/main/AndroidManifest.xml:16:5-79
	android:name
		ADDED from src/main/AndroidManifest.xml:16:22-76
uses-permission#android.permission.ACCESS_WIFI_STATE
ADDED from src/main/AndroidManifest.xml:17:5-76
	android:name
		ADDED from src/main/AndroidManifest.xml:17:22-73
uses-permission#android.permission.CAMERA
ADDED from src/main/AndroidManifest.xml:18:5-65
MERGED from [net.bozho.easycamera:easycamera:0.0.1:aar] AndroidManifest.xml:10:5-65
	android:name
		ADDED from src/main/AndroidManifest.xml:18:22-62
uses-permission#android.permission.BLUETOOTH
ADDED from src/main/AndroidManifest.xml:19:5-68
	android:name
		ADDED from src/main/AndroidManifest.xml:19:22-65
uses-permission#android.permission.RECEIVE_SMS
ADDED from src/main/AndroidManifest.xml:20:5-70
	android:name
		ADDED from src/main/AndroidManifest.xml:20:22-67
uses-permission#android.permission.READ_SMS
ADDED from src/main/AndroidManifest.xml:21:5-67
	android:name
		ADDED from src/main/AndroidManifest.xml:21:22-64
uses-permission#android.permission.SEND_SMS
ADDED from src/main/AndroidManifest.xml:22:5-67
	android:name
		ADDED from src/main/AndroidManifest.xml:22:22-64
uses-permission#android.permission.READ_LOGS
ADDED from src/main/AndroidManifest.xml:23:5-68
	android:name
		ADDED from src/main/AndroidManifest.xml:23:22-65
uses-permission#android.permission.RECEIVE_BOOT_COMPLETED
ADDED from src/main/AndroidManifest.xml:24:5-81
	android:name
		ADDED from src/main/AndroidManifest.xml:24:22-78
uses-feature#android.hardware.camera.autofocus
ADDED from src/main/AndroidManifest.xml:25:5-70
	android:name
		ADDED from src/main/AndroidManifest.xml:25:19-67
uses-permission#android.permission.READ_INTERNAL_STORAGE
ADDED from src/main/AndroidManifest.xml:26:5-80
	android:name
		ADDED from src/main/AndroidManifest.xml:26:22-77
uses-permission#android.permission.WRITE_EXTERNAL_STORAGE
ADDED from src/main/AndroidManifest.xml:27:5-81
	android:name
		ADDED from src/main/AndroidManifest.xml:27:22-78
uses-permission#android.permission.WRITE_INTERNAL_STORAGE
ADDED from src/main/AndroidManifest.xml:28:5-81
	android:name
		ADDED from src/main/AndroidManifest.xml:28:22-78
uses-permission#android.permission.SYSTEM_ALERT_WINDOW
ADDED from src/main/AndroidManifest.xml:29:5-78
	android:name
		ADDED from src/main/AndroidManifest.xml:29:22-75
uses-feature#android.hardware.camera
ADDED from src/main/AndroidManifest.xml:31:5-33:36
MERGED from [net.bozho.easycamera:easycamera:0.0.1:aar] AndroidManifest.xml:11:5-85
	android:required
		ADDED from src/main/AndroidManifest.xml:33:9-33
	android:name
		ADDED from src/main/AndroidManifest.xml:32:9-47
uses-permission#android.permission.READ_EXTERNAL_STORAGE
ADDED from src/main/AndroidManifest.xml:34:5-36:11
	android:name
		ADDED from src/main/AndroidManifest.xml:35:9-64
uses-feature#android.hardware.bluetooth
ADDED from src/main/AndroidManifest.xml:39:5-41:36
	android:required
		ADDED from src/main/AndroidManifest.xml:41:9-33
	android:name
		ADDED from src/main/AndroidManifest.xml:40:9-50
uses-permission#android.permission.BLUETOOTH_ADMIN
ADDED from src/main/AndroidManifest.xml:44:5-74
	android:name
		ADDED from src/main/AndroidManifest.xml:44:22-71
application
ADDED from src/main/AndroidManifest.xml:46:5-292:19
MERGED from [com.android.support:appcompat-v7:21.0.3] AndroidManifest.xml:16:5-19
MERGED from [com.android.support:support-v4:21.0.3] AndroidManifest.xml:16:5-19
MERGED from [net.danlew:android.joda:2.7.1] AndroidManifest.xml:11:5-20
MERGED from [com.felipecsl:gifimageview:1.2.0] AndroidManifest.xml:9:5-10:19
MERGED from [com.prolificinteractive:material-calendarview:0.4.0] AndroidManifest.xml:12:5-20
MERGED from [com.android.support:support-v4:21.0.3] AndroidManifest.xml:16:5-19
	android:clearTaskOnLaunch
		ADDED from src/main/AndroidManifest.xml:49:9-41
	android:label
		ADDED from src/main/AndroidManifest.xml:51:9-41
	android:stateNotNeeded
		ADDED from src/main/AndroidManifest.xml:54:9-38
	android:launchMode
		ADDED from src/main/AndroidManifest.xml:53:9-40
	android:allowBackup
		ADDED from src/main/AndroidManifest.xml:48:9-35
	android:icon
		ADDED from src/main/AndroidManifest.xml:50:9-38
	android:largeHeap
		ADDED from src/main/AndroidManifest.xml:52:9-33
	android:theme
		ADDED from src/main/AndroidManifest.xml:56:9-40
	android:name
		ADDED from src/main/AndroidManifest.xml:47:9-59
activity#com.omneAgate.Bunker.SplashActivity
ADDED from src/main/AndroidManifest.xml:57:9-69:20
	android:screenOrientation
		ADDED from src/main/AndroidManifest.xml:60:13-50
	android:stateNotNeeded
		ADDED from src/main/AndroidManifest.xml:61:13-42
	android:launchMode
		ADDED from src/main/AndroidManifest.xml:59:13-44
	android:name
		ADDED from src/main/AndroidManifest.xml:58:13-63
intent-filter#android.intent.action.MAIN+android.intent.category.DEFAULT+android.intent.category.HOME+android.intent.category.LAUNCHER
ADDED from src/main/AndroidManifest.xml:62:13-68:29
action#android.intent.action.MAIN
ADDED from src/main/AndroidManifest.xml:63:17-69
	android:name
		ADDED from src/main/AndroidManifest.xml:63:25-66
category#android.intent.category.HOME
ADDED from src/main/AndroidManifest.xml:65:17-73
	android:name
		ADDED from src/main/AndroidManifest.xml:65:27-70
category#android.intent.category.LAUNCHER
ADDED from src/main/AndroidManifest.xml:66:17-77
	android:name
		ADDED from src/main/AndroidManifest.xml:66:27-74
category#android.intent.category.DEFAULT
ADDED from src/main/AndroidManifest.xml:67:17-76
	android:name
		ADDED from src/main/AndroidManifest.xml:67:27-73
activity#com.omneAgate.Bunker.LoginActivity
ADDED from src/main/AndroidManifest.xml:70:9-73:57
	android:screenOrientation
		ADDED from src/main/AndroidManifest.xml:72:13-50
	android:windowSoftInputMode
		ADDED from src/main/AndroidManifest.xml:73:13-54
	android:name
		ADDED from src/main/AndroidManifest.xml:71:13-62
activity#com.omneAgate.Bunker.SaleActivity
ADDED from src/main/AndroidManifest.xml:74:9-77:53
	android:screenOrientation
		ADDED from src/main/AndroidManifest.xml:77:13-50
	android:label
		ADDED from src/main/AndroidManifest.xml:76:13-54
	android:name
		ADDED from src/main/AndroidManifest.xml:75:13-61
activity#com.omneAgate.Bunker.QRCodeSalesActivity
ADDED from src/main/AndroidManifest.xml:78:9-81:53
	android:screenOrientation
		ADDED from src/main/AndroidManifest.xml:81:13-50
	android:label
		ADDED from src/main/AndroidManifest.xml:80:13-54
	android:name
		ADDED from src/main/AndroidManifest.xml:79:13-68
activity#com.omneAgate.Bunker.ProfileActivity
ADDED from src/main/AndroidManifest.xml:82:9-85:53
	android:screenOrientation
		ADDED from src/main/AndroidManifest.xml:85:13-50
	android:label
		ADDED from src/main/AndroidManifest.xml:84:13-54
	android:name
		ADDED from src/main/AndroidManifest.xml:83:13-64
activity#com.omneAgate.Bunker.UnsyncBillActivity
ADDED from src/main/AndroidManifest.xml:86:9-89:53
	android:screenOrientation
		ADDED from src/main/AndroidManifest.xml:89:13-50
	android:label
		ADDED from src/main/AndroidManifest.xml:88:13-54
	android:name
		ADDED from src/main/AndroidManifest.xml:87:13-67
activity#com.omneAgate.Bunker.SuccessFailureSalesActivity
ADDED from src/main/AndroidManifest.xml:90:9-93:53
	android:screenOrientation
		ADDED from src/main/AndroidManifest.xml:93:13-50
	android:label
		ADDED from src/main/AndroidManifest.xml:92:13-54
	android:name
		ADDED from src/main/AndroidManifest.xml:91:13-76
activity#com.omneAgate.Bunker.RegistrationActivity
ADDED from src/main/AndroidManifest.xml:94:9-97:53
	android:screenOrientation
		ADDED from src/main/AndroidManifest.xml:97:13-50
	android:label
		ADDED from src/main/AndroidManifest.xml:96:13-54
	android:name
		ADDED from src/main/AndroidManifest.xml:95:13-69
activity#com.omneAgate.Bunker.BeneficiaryListActivity
ADDED from src/main/AndroidManifest.xml:98:9-102:53
	android:screenOrientation
		ADDED from src/main/AndroidManifest.xml:102:13-50
	android:label
		ADDED from src/main/AndroidManifest.xml:101:13-54
	android:configChanges
		ADDED from src/main/AndroidManifest.xml:100:13-74
	android:name
		ADDED from src/main/AndroidManifest.xml:99:13-72
activity#com.omneAgate.Bunker.StockCheckActivity
ADDED from src/main/AndroidManifest.xml:103:9-106:53
	android:screenOrientation
		ADDED from src/main/AndroidManifest.xml:106:13-50
	android:label
		ADDED from src/main/AndroidManifest.xml:105:13-54
	android:name
		ADDED from src/main/AndroidManifest.xml:104:13-67
activity#com.omneAgate.Bunker.RationCardSalesActivity
ADDED from src/main/AndroidManifest.xml:107:9-110:53
	android:screenOrientation
		ADDED from src/main/AndroidManifest.xml:110:13-50
	android:label
		ADDED from src/main/AndroidManifest.xml:109:13-54
	android:name
		ADDED from src/main/AndroidManifest.xml:108:13-72
activity#com.omneAgate.Bunker.StockAdjustmentPage
ADDED from src/main/AndroidManifest.xml:111:9-114:59
	android:screenOrientation
		ADDED from src/main/AndroidManifest.xml:114:13-56
	android:label
		ADDED from src/main/AndroidManifest.xml:113:13-49
	android:name
		ADDED from src/main/AndroidManifest.xml:112:13-48
activity#com.omneAgate.Bunker.FpsStockAdjustmentListActivity
ADDED from src/main/AndroidManifest.xml:116:9-119:53
	android:screenOrientation
		ADDED from src/main/AndroidManifest.xml:119:13-50
	android:label
		ADDED from src/main/AndroidManifest.xml:118:13-54
	android:name
		ADDED from src/main/AndroidManifest.xml:117:13-79
activity#com.omneAgate.Bunker.SalesEntryActivity
ADDED from src/main/AndroidManifest.xml:121:9-126:63
	android:screenOrientation
		ADDED from src/main/AndroidManifest.xml:125:13-50
	android:label
		ADDED from src/main/AndroidManifest.xml:124:13-61
	android:windowSoftInputMode
		ADDED from src/main/AndroidManifest.xml:126:13-60
	android:configChanges
		ADDED from src/main/AndroidManifest.xml:123:13-74
	android:name
		ADDED from src/main/AndroidManifest.xml:122:13-67
activity#com.omneAgate.Bunker.SalesSummaryActivity
ADDED from src/main/AndroidManifest.xml:127:12-131:53
	android:screenOrientation
		ADDED from src/main/AndroidManifest.xml:131:13-50
	android:label
		ADDED from src/main/AndroidManifest.xml:130:13-65
	android:configChanges
		ADDED from src/main/AndroidManifest.xml:129:13-74
	android:name
		ADDED from src/main/AndroidManifest.xml:128:13-69
activity#com.omneAgate.Bunker.FpsStockInwardActivity
ADDED from src/main/AndroidManifest.xml:132:9-135:53
	android:screenOrientation
		ADDED from src/main/AndroidManifest.xml:135:13-50
	android:label
		ADDED from src/main/AndroidManifest.xml:134:13-61
	android:name
		ADDED from src/main/AndroidManifest.xml:133:13-71
activity#com.omneAgate.Bunker.MobileOTPOptionsActivity
ADDED from src/main/AndroidManifest.xml:136:9-139:53
	android:screenOrientation
		ADDED from src/main/AndroidManifest.xml:139:13-50
	android:label
		ADDED from src/main/AndroidManifest.xml:138:13-61
	android:name
		ADDED from src/main/AndroidManifest.xml:137:13-73
activity#com.omneAgate.Bunker.MobileOTPNeedActivity
ADDED from src/main/AndroidManifest.xml:140:9-143:53
	android:screenOrientation
		ADDED from src/main/AndroidManifest.xml:143:13-50
	android:label
		ADDED from src/main/AndroidManifest.xml:142:13-61
	android:name
		ADDED from src/main/AndroidManifest.xml:141:13-70
activity#com.omneAgate.Bunker.FpsStockInwardDetailActivity
ADDED from src/main/AndroidManifest.xml:144:9-147:53
	android:screenOrientation
		ADDED from src/main/AndroidManifest.xml:147:13-50
	android:label
		ADDED from src/main/AndroidManifest.xml:146:13-75
	android:name
		ADDED from src/main/AndroidManifest.xml:145:13-77
activity#com.omneAgate.Bunker.AutoUpgrationActivity
ADDED from src/main/AndroidManifest.xml:148:9-151:53
	android:screenOrientation
		ADDED from src/main/AndroidManifest.xml:151:13-50
	android:label
		ADDED from src/main/AndroidManifest.xml:150:13-48
	android:name
		ADDED from src/main/AndroidManifest.xml:149:13-70
activity#com.omneAgate.Bunker.TransactionCommodityActivity
ADDED from src/main/AndroidManifest.xml:152:9-155:53
	android:screenOrientation
		ADDED from src/main/AndroidManifest.xml:155:13-50
	android:label
		ADDED from src/main/AndroidManifest.xml:154:13-73
	android:name
		ADDED from src/main/AndroidManifest.xml:153:13-77
activity#com.omneAgate.Bunker.BillActivity
ADDED from src/main/AndroidManifest.xml:156:9-159:53
	android:screenOrientation
		ADDED from src/main/AndroidManifest.xml:159:13-50
	android:label
		ADDED from src/main/AndroidManifest.xml:158:13-70
	android:name
		ADDED from src/main/AndroidManifest.xml:157:13-61
activity#com.omneAgate.Bunker.BillByDateActivity
ADDED from src/main/AndroidManifest.xml:160:9-163:53
	android:screenOrientation
		ADDED from src/main/AndroidManifest.xml:163:13-50
	android:label
		ADDED from src/main/AndroidManifest.xml:162:13-70
	android:name
		ADDED from src/main/AndroidManifest.xml:161:13-67
activity#com.omneAgate.Bunker.FpsManualInwardActivity
ADDED from src/main/AndroidManifest.xml:164:9-167:52
	android:screenOrientation
		ADDED from src/main/AndroidManifest.xml:167:13-49
	android:label
		ADDED from src/main/AndroidManifest.xml:166:13-70
	android:name
		ADDED from src/main/AndroidManifest.xml:165:13-72
service#com.omneAgate.service.ConnectionHeartBeat
ADDED from src/main/AndroidManifest.xml:169:9-77
	android:name
		ADDED from src/main/AndroidManifest.xml:169:18-74
service#com.omneAgate.service.UpdateDataService
ADDED from src/main/AndroidManifest.xml:170:9-75
	android:name
		ADDED from src/main/AndroidManifest.xml:170:18-72
service#com.omneAgate.service.RemoteLoggingService
ADDED from src/main/AndroidManifest.xml:171:9-78
	android:name
		ADDED from src/main/AndroidManifest.xml:171:18-75
service#com.omneAgate.service.OfflineTransactionManager
ADDED from src/main/AndroidManifest.xml:172:9-83
	android:name
		ADDED from src/main/AndroidManifest.xml:172:18-80
service#com.omneAgate.service.OfflineInwardManager
ADDED from src/main/AndroidManifest.xml:173:9-78
	android:name
		ADDED from src/main/AndroidManifest.xml:173:18-75
service#com.omneAgate.service.OfflineRegistrationManager
ADDED from src/main/AndroidManifest.xml:174:9-84
	android:name
		ADDED from src/main/AndroidManifest.xml:174:18-81
service#com.omneAgate.service.StatisticsService
ADDED from src/main/AndroidManifest.xml:175:9-75
	android:name
		ADDED from src/main/AndroidManifest.xml:175:18-72
service#com.omneAgate.service.LoginHistoryService
ADDED from src/main/AndroidManifest.xml:176:9-77
	android:name
		ADDED from src/main/AndroidManifest.xml:176:18-74
service#com.omneAgate.service.OfflineCloseSaleManager
ADDED from src/main/AndroidManifest.xml:177:9-81
	android:name
		ADDED from src/main/AndroidManifest.xml:177:18-78
receiver#com.omneAgate.Bunker.NetworkChangeReceiver
ADDED from src/main/AndroidManifest.xml:180:9-188:20
	android:label
		ADDED from src/main/AndroidManifest.xml:182:13-50
	android:name
		ADDED from src/main/AndroidManifest.xml:181:13-70
intent-filter#android.net.conn.CONNECTIVITY_CHANGE
ADDED from src/main/AndroidManifest.xml:183:13-187:29
action#android.net.conn.CONNECTIVITY_CHANGE
ADDED from src/main/AndroidManifest.xml:184:17-186:26
	android:name
		ADDED from src/main/AndroidManifest.xml:184:25-76
action#android.net.wifi.WIFI_STATE_CHANGED
ADDED from src/main/AndroidManifest.xml:185:21-82
	android:name
		ADDED from src/main/AndroidManifest.xml:185:29-79
receiver#com.omneAgate.Bunker.IncomingSMSReceiver
ADDED from src/main/AndroidManifest.xml:189:9-195:20
	android:label
		ADDED from src/main/AndroidManifest.xml:191:13-48
	android:name
		ADDED from src/main/AndroidManifest.xml:190:13-68
intent-filter#android.provider.Telephony.SMS_RECEIVED
ADDED from src/main/AndroidManifest.xml:192:13-194:29
	android:priority
		ADDED from src/main/AndroidManifest.xml:192:28-53
action#android.provider.Telephony.SMS_RECEIVED
ADDED from src/main/AndroidManifest.xml:193:17-82
	android:name
		ADDED from src/main/AndroidManifest.xml:193:25-79
activity#com.omneAgate.Bunker.BillDetailActivity
ADDED from src/main/AndroidManifest.xml:197:9-200:53
	android:screenOrientation
		ADDED from src/main/AndroidManifest.xml:200:13-50
	android:label
		ADDED from src/main/AndroidManifest.xml:199:13-63
	android:name
		ADDED from src/main/AndroidManifest.xml:198:13-67
activity#com.omneAgate.Bunker.FpsStockInwardReceivedActivity
ADDED from src/main/AndroidManifest.xml:201:9-203:53
	android:screenOrientation
		ADDED from src/main/AndroidManifest.xml:203:13-50
	android:name
		ADDED from src/main/AndroidManifest.xml:202:13-79
activity#com.omneAgate.Bunker.SuccessFailureActivity
ADDED from src/main/AndroidManifest.xml:204:9-207:53
	android:screenOrientation
		ADDED from src/main/AndroidManifest.xml:207:13-50
	android:label
		ADDED from src/main/AndroidManifest.xml:206:13-67
	android:name
		ADDED from src/main/AndroidManifest.xml:205:13-71
activity#com.omneAgate.Bunker.BillSearchActivity
ADDED from src/main/AndroidManifest.xml:208:9-212:57
	android:screenOrientation
		ADDED from src/main/AndroidManifest.xml:211:13-50
	android:label
		ADDED from src/main/AndroidManifest.xml:210:13-67
	android:windowSoftInputMode
		ADDED from src/main/AndroidManifest.xml:212:13-54
	android:name
		ADDED from src/main/AndroidManifest.xml:209:13-67
activity#com.omneAgate.Bunker.SalesSummaryWithOutOTPActivity
ADDED from src/main/AndroidManifest.xml:213:9-216:53
	android:screenOrientation
		ADDED from src/main/AndroidManifest.xml:216:13-50
	android:label
		ADDED from src/main/AndroidManifest.xml:215:13-67
	android:name
		ADDED from src/main/AndroidManifest.xml:214:13-79
activity#com.omneAgate.Bunker.BillSuccessActivity
ADDED from src/main/AndroidManifest.xml:217:9-220:53
	android:screenOrientation
		ADDED from src/main/AndroidManifest.xml:220:13-50
	android:label
		ADDED from src/main/AndroidManifest.xml:219:13-64
	android:name
		ADDED from src/main/AndroidManifest.xml:218:13-68
activity#com.omneAgate.Bunker.StockManagementActivity
ADDED from src/main/AndroidManifest.xml:221:9-224:53
	android:screenOrientation
		ADDED from src/main/AndroidManifest.xml:224:13-50
	android:label
		ADDED from src/main/AndroidManifest.xml:223:13-64
	android:name
		ADDED from src/main/AndroidManifest.xml:222:13-72
activity#com.omneAgate.Bunker.AdminActivity
ADDED from src/main/AndroidManifest.xml:225:9-228:53
	android:screenOrientation
		ADDED from src/main/AndroidManifest.xml:228:13-50
	android:label
		ADDED from src/main/AndroidManifest.xml:227:13-64
	android:name
		ADDED from src/main/AndroidManifest.xml:226:13-62
activity#com.omneAgate.Bunker.SyncPageActivity
ADDED from src/main/AndroidManifest.xml:229:9-232:53
	android:screenOrientation
		ADDED from src/main/AndroidManifest.xml:232:13-50
	android:label
		ADDED from src/main/AndroidManifest.xml:231:13-61
	android:name
		ADDED from src/main/AndroidManifest.xml:230:13-65
activity#com.omneAgate.Bunker.SaleOrderActivity
ADDED from src/main/AndroidManifest.xml:233:9-236:53
	android:screenOrientation
		ADDED from src/main/AndroidManifest.xml:236:13-50
	android:label
		ADDED from src/main/AndroidManifest.xml:235:13-62
	android:name
		ADDED from src/main/AndroidManifest.xml:234:13-66
activity#com.omneAgate.Bunker.MobileOTPActivity
ADDED from src/main/AndroidManifest.xml:237:9-240:53
	android:screenOrientation
		ADDED from src/main/AndroidManifest.xml:240:13-50
	android:label
		ADDED from src/main/AndroidManifest.xml:239:13-62
	android:name
		ADDED from src/main/AndroidManifest.xml:238:13-66
activity#com.google.zxing.client.android.CaptureActivity
ADDED from src/main/AndroidManifest.xml:241:9-251:20
	android:screenOrientation
		ADDED from src/main/AndroidManifest.xml:242:13-50
	android:windowSoftInputMode
		ADDED from src/main/AndroidManifest.xml:246:13-60
	android:keepScreenOn
		ADDED from src/main/AndroidManifest.xml:244:13-40
	android:configChanges
		ADDED from src/main/AndroidManifest.xml:243:13-63
	android:theme
		ADDED from src/main/AndroidManifest.xml:245:13-71
	android:name
		ADDED from src/main/AndroidManifest.xml:241:19-81
intent-filter#android.intent.category.DEFAULT+com.google.zxing.client.android.SCAN
ADDED from src/main/AndroidManifest.xml:247:13-250:29
action#com.google.zxing.client.android.SCAN
ADDED from src/main/AndroidManifest.xml:248:17-78
	android:name
		ADDED from src/main/AndroidManifest.xml:248:25-76
activity#com.omneAgate.CrashActivity
ADDED from src/main/AndroidManifest.xml:252:9-261:20
	android:screenOrientation
		ADDED from src/main/AndroidManifest.xml:255:13-50
	android:label
		ADDED from src/main/AndroidManifest.xml:254:13-57
	android:name
		ADDED from src/main/AndroidManifest.xml:253:13-55
intent-filter#android.intent.category.DEFAULT+com.omneAgate.SEND_LOG
ADDED from src/main/AndroidManifest.xml:256:13-260:29
action#com.omneAgate.SEND_LOG
ADDED from src/main/AndroidManifest.xml:257:17-65
	android:name
		ADDED from src/main/AndroidManifest.xml:257:25-62
activity#com.omneAgate.Bunker.BeneficiaryMenuActivity
ADDED from src/main/AndroidManifest.xml:262:9-265:53
	android:screenOrientation
		ADDED from src/main/AndroidManifest.xml:265:13-50
	android:label
		ADDED from src/main/AndroidManifest.xml:264:13-53
	android:name
		ADDED from src/main/AndroidManifest.xml:263:13-72
activity#com.omneAgate.Bunker.OpenStockActivity
ADDED from src/main/AndroidManifest.xml:266:9-270:63
	android:screenOrientation
		ADDED from src/main/AndroidManifest.xml:269:13-50
	android:label
		ADDED from src/main/AndroidManifest.xml:268:13-51
	android:windowSoftInputMode
		ADDED from src/main/AndroidManifest.xml:270:13-60
	android:name
		ADDED from src/main/AndroidManifest.xml:267:13-66
activity#com.omneAgate.Bunker.StatisticsActivity
ADDED from src/main/AndroidManifest.xml:271:9-274:53
	android:screenOrientation
		ADDED from src/main/AndroidManifest.xml:274:13-50
	android:label
		ADDED from src/main/AndroidManifest.xml:273:13-62
	android:name
		ADDED from src/main/AndroidManifest.xml:272:13-67
activity#com.omneAgate.Bunker.OpenstockActivityEntry
ADDED from src/main/AndroidManifest.xml:275:9-278:53
	android:screenOrientation
		ADDED from src/main/AndroidManifest.xml:278:13-50
	android:label
		ADDED from src/main/AndroidManifest.xml:277:13-51
	android:name
		ADDED from src/main/AndroidManifest.xml:276:13-71
activity#com.omneAgate.Bunker.VersionUpgradeInfo
ADDED from src/main/AndroidManifest.xml:279:9-282:53
	android:screenOrientation
		ADDED from src/main/AndroidManifest.xml:282:13-50
	android:label
		ADDED from src/main/AndroidManifest.xml:281:13-52
	android:name
		ADDED from src/main/AndroidManifest.xml:280:13-67
activity#com.omneAgate.Bunker.VersionUpgradeDetail
ADDED from src/main/AndroidManifest.xml:283:9-286:53
	android:screenOrientation
		ADDED from src/main/AndroidManifest.xml:286:13-50
	android:label
		ADDED from src/main/AndroidManifest.xml:285:13-52
	android:name
		ADDED from src/main/AndroidManifest.xml:284:13-69
activity#com.omneAgate.Bunker.UnsyncBillDetailActivity
ADDED from src/main/AndroidManifest.xml:287:9-290:53
	android:screenOrientation
		ADDED from src/main/AndroidManifest.xml:290:13-50
	android:label
		ADDED from src/main/AndroidManifest.xml:289:13-52
	android:name
		ADDED from src/main/AndroidManifest.xml:288:13-73
uses-sdk
INJECTED from src/main/AndroidManifest.xml reason: use-sdk injection requested
MERGED from [com.android.support:appcompat-v7:21.0.3] AndroidManifest.xml:15:5-42
MERGED from [com.android.support:support-v4:21.0.3] AndroidManifest.xml:15:5-42
MERGED from [net.danlew:android.joda:2.7.1] AndroidManifest.xml:7:5-9:41
MERGED from [com.felipecsl:gifimageview:1.2.0] AndroidManifest.xml:7:5-43
MERGED from [net.bozho.easycamera:easycamera:0.0.1:aar] AndroidManifest.xml:6:5-8:41
MERGED from [com.prolificinteractive:material-calendarview:0.4.0] AndroidManifest.xml:8:5-10:41
MERGED from [com.android.support:support-v4:21.0.3] AndroidManifest.xml:15:5-42
MERGED from [com.android.support:multidex:1.0.0] AndroidManifest.xml:18:5-42
	android:targetSdkVersion
		INJECTED from src/main/AndroidManifest.xml
		INJECTED from src/main/AndroidManifest.xml
	android:minSdkVersion
		INJECTED from src/main/AndroidManifest.xml
		INJECTED from src/main/AndroidManifest.xml